INFO  05:25:21 Now listening on: http://localhost:5003
INFO  05:25:21 Now listening on: http://localhost:5003
INFO  05:25:21 Now listening on: https://localhost:5004
INFO  05:25:21 Now listening on: https://localhost:5004
INFO  05:25:21 Application started. Press Ctrl+C to shut down.
INFO  05:25:21 Application started. Press Ctrl+C to shut down.
INFO  05:25:21 Hosting environment: Development
INFO  05:25:21 Hosting environment: Development
INFO  05:25:21 Content root path: D:\Project\Informator\server\AuthenticationApi\AuthenticationApi
INFO  05:25:21 Content root path: D:\Project\Informator\server\AuthenticationApi\AuthenticationApi
INFO  05:25:49 log net added
INFO  05:25:51 log net added
INFO  05:31:50 Application is shutting down...
INFO  05:31:50 Application is shutting down...
INFO  05:31:55 Now listening on: http://localhost:5003
INFO  05:31:55 Now listening on: http://localhost:5003
INFO  05:31:55 Now listening on: https://localhost:5004
INFO  05:31:55 Now listening on: https://localhost:5004
INFO  05:31:55 Application started. Press Ctrl+C to shut down.
INFO  05:31:55 Application started. Press Ctrl+C to shut down.
INFO  05:31:55 Hosting environment: Development
INFO  05:31:55 Hosting environment: Development
INFO  05:31:55 Content root path: D:\Project\Informator\server\AuthenticationApi\AuthenticationApi
INFO  05:31:55 Content root path: D:\Project\Informator\server\AuthenticationApi\AuthenticationApi
INFO  05:32:17 log net added
INFO  05:32:20 log net added
INFO  05:34:57 Application is shutting down...
INFO  05:34:57 Application is shutting down...
